<?xml version="1.0" encoding="UTF-8"?>
<!-- Generated by org.testng.reporters.JUnitXMLReporter -->
<testsuite hostname="P3B-6CW7NK2" name="Default test" tests="4" failures="0" timestamp="16 Dec 2019 11:29:52 GMT" time="39.849" errors="0">
  <testcase name="testregistration" time="28.638" classname="caseStudy.Scenarios"/>
  <testcase name="testLogin" time="4.02" classname="caseStudy.Scenarios"/>
  <testcase name="testCart" time="0.904" classname="caseStudy.Scenarios"/>
  <testcase name="testpayment" time="4.834" classname="caseStudy.Scenarios"/>
</testsuite> <!-- Default test -->
