<?xml version="1.0" encoding="UTF-8"?>
<!-- Generated by org.testng.reporters.JUnitXMLReporter -->
<testsuite hostname="P3B-6CW7NK2" ignored="5" name="Test" tests="2" failures="0" timestamp="2019-12-10T16:34:45 IST" time="0.067" errors="0">
  <testcase name="openBrowser" time="0.012" classname="testngFeatures.MercuryAPP"/>
  <testcase name="Login" time="0.002" classname="testngFeatures.MercuryAPP"/>
  <testcase name="searchFlight" time="0.0" classname="testngFeatures.MercuryAPP">
    <ignored/>
  </testcase> <!-- searchFlight -->
  <testcase name="openURL" time="0.0" classname="testngFeatures.MercuryAPP">
    <ignored/>
  </testcase> <!-- openURL -->
  <testcase name="logout" time="0.0" classname="testngFeatures.MercuryAPP">
    <ignored/>
  </testcase> <!-- logout -->
  <testcase name="closeBrowser" time="0.0" classname="testngFeatures.MercuryAPP">
    <ignored/>
  </testcase> <!-- closeBrowser -->
  <testcase name="bookFlight" time="0.0" classname="testngFeatures.MercuryAPP">
    <ignored/>
  </testcase> <!-- bookFlight -->
</testsuite> <!-- Test -->
