<?xml version="1.0" encoding="UTF-8"?>
<testng-results skipped="0" failed="0" ignored="0" total="4" passed="4">
  <reporter-output>
  </reporter-output>
  <suite name="Default suite" duration-ms="54157" started-at="2019-12-24T05:43:30Z" finished-at="2019-12-24T05:44:24Z">
    <groups>
    </groups>
    <test name="Default test" duration-ms="54157" started-at="2019-12-24T05:43:30Z" finished-at="2019-12-24T05:44:24Z">
      <class name="caseStudy.Scenarios">
        <test-method status="PASS" signature="startReport()[pri:0, instance:caseStudy.Scenarios@548e7350]" name="startReport" is-config="true" duration-ms="602" started-at="2019-12-24T11:13:30Z" finished-at="2019-12-24T11:13:30Z">
          <reporter-output>
          </reporter-output>
        </test-method> <!-- startReport -->
        <test-method status="PASS" signature="testregistration()[pri:1, instance:caseStudy.Scenarios@548e7350]" name="testregistration" duration-ms="40407" started-at="2019-12-24T11:13:30Z" finished-at="2019-12-24T11:14:11Z">
          <reporter-output>
          </reporter-output>
        </test-method> <!-- testregistration -->
        <test-method status="PASS" signature="endReportAfterTest()[pri:0, instance:caseStudy.Scenarios@548e7350]" name="endReportAfterTest" is-config="true" duration-ms="662" started-at="2019-12-24T11:14:11Z" finished-at="2019-12-24T11:14:11Z">
          <reporter-output>
          </reporter-output>
        </test-method> <!-- endReportAfterTest -->
        <test-method status="PASS" signature="testLogin()[pri:2, instance:caseStudy.Scenarios@548e7350]" name="testLogin" duration-ms="4479" started-at="2019-12-24T11:14:12Z" finished-at="2019-12-24T11:14:16Z">
          <reporter-output>
          </reporter-output>
        </test-method> <!-- testLogin -->
        <test-method status="PASS" signature="endReportAfterTest()[pri:0, instance:caseStudy.Scenarios@548e7350]" name="endReportAfterTest" is-config="true" duration-ms="53" started-at="2019-12-24T11:14:16Z" finished-at="2019-12-24T11:14:16Z">
          <reporter-output>
          </reporter-output>
        </test-method> <!-- endReportAfterTest -->
        <test-method status="PASS" signature="testCart()[pri:3, instance:caseStudy.Scenarios@548e7350]" name="testCart" duration-ms="1621" started-at="2019-12-24T11:14:16Z" finished-at="2019-12-24T11:14:18Z">
          <reporter-output>
          </reporter-output>
        </test-method> <!-- testCart -->
        <test-method status="PASS" signature="endReportAfterTest()[pri:0, instance:caseStudy.Scenarios@548e7350]" name="endReportAfterTest" is-config="true" duration-ms="59" started-at="2019-12-24T11:14:18Z" finished-at="2019-12-24T11:14:18Z">
          <reporter-output>
          </reporter-output>
        </test-method> <!-- endReportAfterTest -->
        <test-method status="PASS" signature="testpayment()[pri:4, instance:caseStudy.Scenarios@548e7350]" name="testpayment" duration-ms="6152" started-at="2019-12-24T11:14:18Z" finished-at="2019-12-24T11:14:24Z">
          <reporter-output>
          </reporter-output>
        </test-method> <!-- testpayment -->
        <test-method status="PASS" signature="endReportAfterTest()[pri:0, instance:caseStudy.Scenarios@548e7350]" name="endReportAfterTest" is-config="true" duration-ms="83" started-at="2019-12-24T11:14:24Z" finished-at="2019-12-24T11:14:24Z">
          <reporter-output>
          </reporter-output>
        </test-method> <!-- endReportAfterTest -->
      </class> <!-- caseStudy.Scenarios -->
    </test> <!-- Default test -->
  </suite> <!-- Default suite -->
</testng-results>
